<?xml version="1.0" encoding="UTF-8"?>
<testsuite name="org.sciborgs1155.robot.RobotTest" tests="1" skipped="0" failures="0" errors="0" timestamp="2024-07-13T20:29:53" hostname="Iroh.local" time="1.02">
  <properties/>
  <testcase name="initialize()" classname="org.sciborgs1155.robot.RobotTest" time="1.02"/>
  <system-out><![CDATA[]]></system-out>
  <system-err><![CDATA[]]></system-err>
</testsuite>
