<?xml version="1.0" encoding="UTF-8"?>
<testsuite name="org.sciborgs1155.robot.SwerveTest" tests="4" skipped="0" failures="0" errors="0" timestamp="2024-07-13T19:41:40" hostname="Iroh.local" time="0.638">
  <properties/>
  <testcase name="reachesRobotVelocity()" classname="org.sciborgs1155.robot.SwerveTest" time="0.562"/>
  <testcase name="testModuleDistance()" classname="org.sciborgs1155.robot.SwerveTest" time="0.022"/>
  <testcase name="[1] 3.0" classname="org.sciborgs1155.robot.SwerveTest" time="0.026"/>
  <testcase name="[2] 4.0" classname="org.sciborgs1155.robot.SwerveTest" time="0.013"/>
  <system-out><![CDATA[CommandScheduler loop overrun
Drive Syst Check Module Angle (degrees): success! expected: 45.0; actual: 44.990308283913
Drive Syst Check Module Speed: success! expected: >= 1; actual: 1.5298901865514267
Drive Syst Check Module Angle (degrees): success! expected: 45.0; actual: 44.990308283913
Drive Syst Check Module Speed: success! expected: >= 1; actual: 1.5298901865514267
Drive Syst Check Module Angle (degrees): success! expected: 45.0; actual: 44.990308283913
Drive Syst Check Module Speed: success! expected: >= 1; actual: 1.5298901865514267
Drive Syst Check Module Angle (degrees): success! expected: 45.0; actual: 44.990308283913
Drive Syst Check Module Speed: success! expected: >= 1; actual: 1.5298901865514267
]]></system-out>
  <system-err><![CDATA[]]></system-err>
</testsuite>
